<?xml version="1.0" encoding="UTF-8"?>
<!-- Generated by org.testng.reporters.JUnitReportReporter -->
<testsuite skipped="0" hostname="DESK-HP" name="com.crm.comcast.orgTest.UnitTest" tests="1" failures="0" timestamp="13 Jan 2022 05:15:56 GMT" time="0.423" errors="0">
  <testcase name="projectUnitTest" time="0.423" classname="com.crm.comcast.orgTest.UnitTest"/>
</testsuite> <!-- com.crm.comcast.orgTest.UnitTest -->
