<?xml version="1.0" encoding="UTF-8"?>
<!-- Generated by org.testng.reporters.JUnitReportReporter -->
<testsuite hostname="DESK-HP" failures="0" tests="1" name="practice.UtilizeExcelData" time="0.805" errors="0" timestamp="2022-07-27T17:27:50 IST" skipped="0">
  <testcase classname="practice.UtilizeExcelData" name="dash" time="0.805"/>
  <system-out/>
</testsuite> <!-- practice.UtilizeExcelData -->
