<?xml version="1.0" encoding="UTF-8"?>
<!-- Generated by org.testng.reporters.JUnitReportReporter -->
<testsuite skipped="0" hostname="DESK-HP" name="practice.MultipleDataPractice" tests="4" failures="0" timestamp="22 Mar 2022 10:03:01 GMT" time="0.032" errors="0">
  <testcase name="multipleData" time="0.000" classname="practice.MultipleDataPractice"/>
  <testcase name="multipleData" time="0.000" classname="practice.MultipleDataPractice"/>
  <testcase name="multipleData" time="0.000" classname="practice.MultipleDataPractice"/>
  <testcase name="multipleData" time="0.032" classname="practice.MultipleDataPractice"/>
</testsuite> <!-- practice.MultipleDataPractice -->
