<?xml version="1.0" encoding="UTF-8"?>
<!-- Generated by org.testng.reporters.JUnitReportReporter -->
<testsuite skipped="0" hostname="DESK-HP" name="practice.PracticeDataProviderTest" tests="3" failures="0" timestamp="12 Mar 2022 14:31:11 GMT" time="0.027" errors="0">
  <testcase name="practiceData" time="0.021" classname="practice.PracticeDataProviderTest"/>
  <testcase name="practiceData" time="0.003" classname="practice.PracticeDataProviderTest"/>
  <testcase name="practiceData" time="0.003" classname="practice.PracticeDataProviderTest"/>
</testsuite> <!-- practice.PracticeDataProviderTest -->
