<?xml version="1.0" encoding="UTF-8"?>
<!-- Generated by org.testng.reporters.JUnitReportReporter -->
<testsuite hostname="DESKTOP-SC2418G" failures="0" tests="1" name="practice.SpiceJetExceutedTest" time="0.051" errors="0" timestamp="2024-10-05T16:03:25 IST" skipped="0">
  <testcase classname="practice.SpiceJetExceutedTest" name="spiceJetTest" time="0.051"/>
</testsuite> <!-- practice.SpiceJetExceutedTest -->
