<?xml version="1.0" encoding="UTF-8"?>
<!-- Generated by org.testng.reporters.JUnitReportReporter -->
<testsuite skipped="0" hostname="DESK-HP" name="com.vtiger.comcast.organizationtest.CreateOrganization" tests="2" failures="0" timestamp="23 Jan 2022 16:47:13 GMT" time="32.836" errors="0">
  <testcase name="CreateOrgWithIndEnergy" time="15.339" classname="com.vtiger.comcast.organizationtest.CreateOrganization"/>
  <testcase name="CreateOrgTest" time="17.497" classname="com.vtiger.comcast.organizationtest.CreateOrganization"/>
</testsuite> <!-- com.vtiger.comcast.organizationtest.CreateOrganization -->
