<?xml version="1.0" encoding="UTF-8"?>
<!-- Generated by org.testng.reporters.JUnitReportReporter -->
<testsuite hostname="DESK-HP" failures="0" tests="1" name="practice.DataFromExcel" time="0.855" errors="0" timestamp="2022-05-05T15:08:35 IST" skipped="0">
  <testcase classname="practice.DataFromExcel" name="getData" time="0.855"/>
  <system-out/>
</testsuite> <!-- practice.DataFromExcel -->
