<?xml version="1.0" encoding="UTF-8"?>
<!-- Generated by org.testng.reporters.JUnitReportReporter -->
<testsuite hostname="DESKTOP-SC2418G" failures="0" tests="1" name="practice.SpiceJetPractice" time="30.836" errors="0" timestamp="2024-10-05T21:32:14 IST" skipped="0">
  <testcase classname="practice.SpiceJetPractice" name="getJet" time="30.836"/>
</testsuite> <!-- practice.SpiceJetPractice -->
