<?xml version="1.0" encoding="UTF-8"?>
<!-- Generated by org.testng.reporters.JUnitReportReporter -->
<testsuite skipped="0" hostname="DESK-HP" name="practice.DataPro" tests="4" failures="0" timestamp="02 Feb 2022 09:26:47 GMT" time="0.000" errors="0">
  <testcase name="OrgData" time="0.000" classname="practice.DataPro"/>
  <testcase name="OrgData" time="0.000" classname="practice.DataPro"/>
  <testcase name="OrgData" time="0.000" classname="practice.DataPro"/>
  <testcase name="OrgData" time="0.000" classname="practice.DataPro"/>
</testsuite> <!-- practice.DataPro -->
