<?xml version="1.0" encoding="UTF-8"?>
<!-- Generated by org.testng.reporters.JUnitReportReporter -->
<testsuite skipped="0" hostname="DESK-HP" name="com.vtiger.comcast.organizationtest.CreateOrgWithMultiDataTest" tests="5" failures="0" timestamp="12 Mar 2022 15:59:01 GMT" time="108.997" errors="0">
  <testcase name="createOrgWithMultiTest" time="21.450" classname="com.vtiger.comcast.organizationtest.CreateOrgWithMultiDataTest"/>
  <testcase name="createOrgWithMultiTest" time="21.626" classname="com.vtiger.comcast.organizationtest.CreateOrgWithMultiDataTest"/>
  <testcase name="createOrgWithMultiTest" time="20.582" classname="com.vtiger.comcast.organizationtest.CreateOrgWithMultiDataTest"/>
  <testcase name="createOrgWithMultiTest" time="23.254" classname="com.vtiger.comcast.organizationtest.CreateOrgWithMultiDataTest"/>
  <testcase name="createOrgWithMultiTest" time="22.085" classname="com.vtiger.comcast.organizationtest.CreateOrgWithMultiDataTest"/>
</testsuite> <!-- com.vtiger.comcast.organizationtest.CreateOrgWithMultiDataTest -->
