<?xml version="1.0" encoding="UTF-8"?>
<!-- Generated by org.testng.reporters.JUnitReportReporter -->
<testsuite skipped="0" hostname="DESK-HP" name="vTiger_OrganisationsHardcoding.Test.dataProvider" tests="5" failures="0" timestamp="24 Jan 2022 18:41:25 GMT" time="0.039" errors="0">
  <testcase name="bookTicketTest" time="0.004" classname="vTiger_OrganisationsHardcoding.Test.dataProvider"/>
  <testcase name="bookTicketTest" time="0.004" classname="vTiger_OrganisationsHardcoding.Test.dataProvider"/>
  <testcase name="bookTicketTest" time="0.006" classname="vTiger_OrganisationsHardcoding.Test.dataProvider"/>
  <testcase name="bookTicketTest" time="0.020" classname="vTiger_OrganisationsHardcoding.Test.dataProvider"/>
  <testcase name="bookTicketTest" time="0.005" classname="vTiger_OrganisationsHardcoding.Test.dataProvider"/>
</testsuite> <!-- vTiger_OrganisationsHardcoding.Test.dataProvider -->
