<?xml version="1.0" encoding="UTF-8"?>
<!-- Generated by org.testng.reporters.JUnitReportReporter -->
<testsuite hostname="DESK-HP" failures="0" tests="1" name="practice.DeBug" time="0.799" errors="0" timestamp="2022-07-27T17:41:52 IST" skipped="0">
  <testcase classname="practice.DeBug" name="login" time="0.799"/>
  <system-out/>
</testsuite> <!-- practice.DeBug -->
